benchmark/build/intermediates/manifest_merge_blame_file/benchmark/processBenchmarkManifest/manifest-merger-blame-benchmark-report.txt
1<?xml version="1.0" encoding="utf-8"?>
2<manifest xmlns:android="http://schemas.android.com/apk/res/android"
3    package="com.example.slipmat.benchmark" >
4
5    <uses-sdk
5-->manifest\benchmark\tempFile2ProcessTestManifest5271995469212198050.xml:5:5-7:41
6        android:minSdkVersion="28"
6-->manifest\benchmark\tempFile2ProcessTestManifest5271995469212198050.xml:6:9-35
7        android:targetSdkVersion="36" />
7-->manifest\benchmark\tempFile2ProcessTestManifest5271995469212198050.xml:7:9-38
8
9    <instrumentation
9-->manifest\benchmark\tempFile2ProcessTestManifest5271995469212198050.xml:9:5-14:65
10        android:name="androidx.test.runner.AndroidJUnitRunner"
10-->manifest\benchmark\tempFile2ProcessTestManifest5271995469212198050.xml:10:9-63
11        android:functionalTest="false"
11-->manifest\benchmark\tempFile2ProcessTestManifest5271995469212198050.xml:11:9-39
12        android:handleProfiling="false"
12-->manifest\benchmark\tempFile2ProcessTestManifest5271995469212198050.xml:12:9-40
13        android:label="Tests for com.example.slipmat.benchmark"
13-->manifest\benchmark\tempFile2ProcessTestManifest5271995469212198050.xml:13:9-64
14        android:targetPackage="com.example.slipmat.benchmark" />
14-->manifest\benchmark\tempFile2ProcessTestManifest5271995469212198050.xml:14:9-62
15
16    <!--
17    This is needed to write benchmark report data to an external directory during instrumented
18    tests to allow the accompanying androidx.benchmark gradle plugin to pull the reports onto host
19     machine after the tests are done running.
20    -->
21    <uses-permission android:name="android.permission.WRITE_EXTERNAL_STORAGE" />
21-->[androidx.benchmark:benchmark-common:1.4.1] AndroidManifest.xml:27:5-81
21-->[androidx.benchmark:benchmark-common:1.4.1] AndroidManifest.xml:27:22-78
22    <uses-permission android:name="android.permission.READ_EXTERNAL_STORAGE" />
23    <uses-permission android:name="android.permission.QUERY_ALL_PACKAGES" />
23-->[androidx.benchmark:benchmark-macro:1.4.1] AndroidManifest.xml:23:5-25:53
23-->[androidx.benchmark:benchmark-macro:1.4.1] AndroidManifest.xml:24:9-61
24    <!--
25         Internet permission is required for perfetto trace shell processor http server but
26        it's used to reach localhost only
27    -->
28    <uses-permission android:name="android.permission.INTERNET" />
28-->[androidx.benchmark:benchmark-macro:1.4.1] AndroidManifest.xml:31:5-67
28-->[androidx.benchmark:benchmark-macro:1.4.1] AndroidManifest.xml:31:22-64
29    <uses-permission android:name="android.permission.REORDER_TASKS" />
29-->[androidx.test:core:1.7.0] AndroidManifest.xml:24:5-72
29-->[androidx.test:core:1.7.0] AndroidManifest.xml:24:22-69
30
31    <queries>
31-->[androidx.test:runner:1.7.0] AndroidManifest.xml:24:5-28:15
32        <package android:name="androidx.test.orchestrator" />
32-->[androidx.test:runner:1.7.0] AndroidManifest.xml:25:9-62
32-->[androidx.test:runner:1.7.0] AndroidManifest.xml:25:18-59
33        <package android:name="androidx.test.services" />
33-->[androidx.test:runner:1.7.0] AndroidManifest.xml:26:9-58
33-->[androidx.test:runner:1.7.0] AndroidManifest.xml:26:18-55
34        <package android:name="com.google.android.apps.common.testing.services" />
34-->[androidx.test:runner:1.7.0] AndroidManifest.xml:27:9-83
34-->[androidx.test:runner:1.7.0] AndroidManifest.xml:27:18-80
35    </queries>
36
37    <permission
37-->[androidx.core:core:1.9.0] AndroidManifest.xml:22:5-24:47
38        android:name="com.example.slipmat.benchmark.DYNAMIC_RECEIVER_NOT_EXPORTED_PERMISSION"
38-->[androidx.core:core:1.9.0] AndroidManifest.xml:23:9-81
39        android:protectionLevel="signature" />
39-->[androidx.core:core:1.9.0] AndroidManifest.xml:24:9-44
40
41    <uses-permission android:name="com.example.slipmat.benchmark.DYNAMIC_RECEIVER_NOT_EXPORTED_PERMISSION" />
41-->[androidx.core:core:1.9.0] AndroidManifest.xml:26:5-97
41-->[androidx.core:core:1.9.0] AndroidManifest.xml:26:22-94
42
43    <application
43-->manifest\benchmark\tempFile2ProcessTestManifest5271995469212198050.xml:16:5-20
44        android:appComponentFactory="androidx.core.app.CoreComponentFactory"
44-->[androidx.core:core:1.9.0] AndroidManifest.xml:28:18-86
45        android:debuggable="true"
46        android:extractNativeLibs="false"
46-->INJECTED
47        android:networkSecurityConfig="@xml/network_security_config" > <!-- Activity used to block background content while benchmarks are running -->
47-->[androidx.benchmark:benchmark-macro:1.4.1] AndroidManifest.xml:42:18-78
48        <activity
48-->[androidx.benchmark:benchmark-common:1.4.1] AndroidManifest.xml:32:9-36:20
49            android:name="androidx.benchmark.IsolationActivity"
49-->[androidx.benchmark:benchmark-common:1.4.1] AndroidManifest.xml:33:13-64
50            android:exported="true"
50-->[androidx.benchmark:benchmark-common:1.4.1] AndroidManifest.xml:34:13-36
51            android:theme="@android:style/Theme.Light.NoTitleBar.Fullscreen" >
51-->[androidx.benchmark:benchmark-common:1.4.1] AndroidManifest.xml:35:13-77
52        </activity>
53        <activity
53-->[androidx.test:core:1.7.0] AndroidManifest.xml:27:9-34:20
54            android:name="androidx.test.core.app.InstrumentationActivityInvoker$BootstrapActivity"
54-->[androidx.test:core:1.7.0] AndroidManifest.xml:28:13-99
55            android:exported="true"
55-->[androidx.test:core:1.7.0] AndroidManifest.xml:29:13-36
56            android:theme="@style/WhiteBackgroundTheme" >
56-->[androidx.test:core:1.7.0] AndroidManifest.xml:30:13-56
57            <intent-filter android:priority="-100" >
57-->[androidx.test:core:1.7.0] AndroidManifest.xml:31:13-33:29
57-->[androidx.test:core:1.7.0] AndroidManifest.xml:31:28-51
58                <category android:name="android.intent.category.LAUNCHER" />
58-->[androidx.test:core:1.7.0] AndroidManifest.xml:32:17-77
58-->[androidx.test:core:1.7.0] AndroidManifest.xml:32:27-74
59            </intent-filter>
60        </activity>
61        <activity
61-->[androidx.test:core:1.7.0] AndroidManifest.xml:35:9-42:20
62            android:name="androidx.test.core.app.InstrumentationActivityInvoker$EmptyActivity"
62-->[androidx.test:core:1.7.0] AndroidManifest.xml:36:13-95
63            android:exported="true"
63-->[androidx.test:core:1.7.0] AndroidManifest.xml:37:13-36
64            android:theme="@style/WhiteBackgroundTheme" >
64-->[androidx.test:core:1.7.0] AndroidManifest.xml:38:13-56
65            <intent-filter android:priority="-100" >
65-->[androidx.test:core:1.7.0] AndroidManifest.xml:31:13-33:29
65-->[androidx.test:core:1.7.0] AndroidManifest.xml:31:28-51
66                <category android:name="android.intent.category.LAUNCHER" />
66-->[androidx.test:core:1.7.0] AndroidManifest.xml:32:17-77
66-->[androidx.test:core:1.7.0] AndroidManifest.xml:32:27-74
67            </intent-filter>
68        </activity>
69        <activity
69-->[androidx.test:core:1.7.0] AndroidManifest.xml:43:9-50:20
70            android:name="androidx.test.core.app.InstrumentationActivityInvoker$EmptyFloatingActivity"
70-->[androidx.test:core:1.7.0] AndroidManifest.xml:44:13-103
71            android:exported="true"
71-->[androidx.test:core:1.7.0] AndroidManifest.xml:45:13-36
72            android:theme="@style/WhiteBackgroundDialogTheme" >
72-->[androidx.test:core:1.7.0] AndroidManifest.xml:46:13-62
73            <intent-filter android:priority="-100" >
73-->[androidx.test:core:1.7.0] AndroidManifest.xml:31:13-33:29
73-->[androidx.test:core:1.7.0] AndroidManifest.xml:31:28-51
74                <category android:name="android.intent.category.LAUNCHER" />
74-->[androidx.test:core:1.7.0] AndroidManifest.xml:32:17-77
74-->[androidx.test:core:1.7.0] AndroidManifest.xml:32:27-74
75            </intent-filter>
76        </activity>
77
78        <provider
78-->[androidx.profileinstaller:profileinstaller:1.4.1] AndroidManifest.xml:24:9-32:20
79            android:name="androidx.startup.InitializationProvider"
79-->[androidx.profileinstaller:profileinstaller:1.4.1] AndroidManifest.xml:25:13-67
80            android:authorities="com.example.slipmat.benchmark.androidx-startup"
80-->[androidx.profileinstaller:profileinstaller:1.4.1] AndroidManifest.xml:26:13-68
81            android:exported="false" >
81-->[androidx.profileinstaller:profileinstaller:1.4.1] AndroidManifest.xml:27:13-37
82            <meta-data
82-->[androidx.profileinstaller:profileinstaller:1.4.1] AndroidManifest.xml:29:13-31:52
83                android:name="androidx.profileinstaller.ProfileInstallerInitializer"
83-->[androidx.profileinstaller:profileinstaller:1.4.1] AndroidManifest.xml:30:17-85
84                android:value="androidx.startup" />
84-->[androidx.profileinstaller:profileinstaller:1.4.1] AndroidManifest.xml:31:17-49
85            <meta-data
85-->[androidx.tracing:tracing-perfetto:1.0.0] AndroidManifest.xml:44:13-46:52
86                android:name="androidx.tracing.perfetto.StartupTracingInitializer"
86-->[androidx.tracing:tracing-perfetto:1.0.0] AndroidManifest.xml:45:17-83
87                android:value="androidx.startup" />
87-->[androidx.tracing:tracing-perfetto:1.0.0] AndroidManifest.xml:46:17-49
88        </provider>
89
90        <receiver
90-->[androidx.profileinstaller:profileinstaller:1.4.1] AndroidManifest.xml:34:9-52:20
91            android:name="androidx.profileinstaller.ProfileInstallReceiver"
91-->[androidx.profileinstaller:profileinstaller:1.4.1] AndroidManifest.xml:35:13-76
92            android:directBootAware="false"
92-->[androidx.profileinstaller:profileinstaller:1.4.1] AndroidManifest.xml:36:13-44
93            android:enabled="true"
93-->[androidx.profileinstaller:profileinstaller:1.4.1] AndroidManifest.xml:37:13-35
94            android:exported="true"
94-->[androidx.profileinstaller:profileinstaller:1.4.1] AndroidManifest.xml:38:13-36
95            android:permission="android.permission.DUMP" >
95-->[androidx.profileinstaller:profileinstaller:1.4.1] AndroidManifest.xml:39:13-57
96            <intent-filter>
96-->[androidx.profileinstaller:profileinstaller:1.4.1] AndroidManifest.xml:40:13-42:29
97                <action android:name="androidx.profileinstaller.action.INSTALL_PROFILE" />
97-->[androidx.profileinstaller:profileinstaller:1.4.1] AndroidManifest.xml:41:17-91
97-->[androidx.profileinstaller:profileinstaller:1.4.1] AndroidManifest.xml:41:25-88
98            </intent-filter>
99            <intent-filter>
99-->[androidx.profileinstaller:profileinstaller:1.4.1] AndroidManifest.xml:43:13-45:29
100                <action android:name="androidx.profileinstaller.action.SKIP_FILE" />
100-->[androidx.profileinstaller:profileinstaller:1.4.1] AndroidManifest.xml:44:17-85
100-->[androidx.profileinstaller:profileinstaller:1.4.1] AndroidManifest.xml:44:25-82
101            </intent-filter>
102            <intent-filter>
102-->[androidx.profileinstaller:profileinstaller:1.4.1] AndroidManifest.xml:46:13-48:29
103                <action android:name="androidx.profileinstaller.action.SAVE_PROFILE" />
103-->[androidx.profileinstaller:profileinstaller:1.4.1] AndroidManifest.xml:47:17-88
103-->[androidx.profileinstaller:profileinstaller:1.4.1] AndroidManifest.xml:47:25-85
104            </intent-filter>
105            <intent-filter>
105-->[androidx.profileinstaller:profileinstaller:1.4.1] AndroidManifest.xml:49:13-51:29
106                <action android:name="androidx.profileinstaller.action.BENCHMARK_OPERATION" />
106-->[androidx.profileinstaller:profileinstaller:1.4.1] AndroidManifest.xml:50:17-95
106-->[androidx.profileinstaller:profileinstaller:1.4.1] AndroidManifest.xml:50:25-92
107            </intent-filter>
108        </receiver>
109        <receiver
109-->[androidx.tracing:tracing-perfetto:1.0.0] AndroidManifest.xml:24:9-37:20
110            android:name="androidx.tracing.perfetto.TracingReceiver"
110-->[androidx.tracing:tracing-perfetto:1.0.0] AndroidManifest.xml:25:13-69
111            android:directBootAware="false"
111-->[androidx.tracing:tracing-perfetto:1.0.0] AndroidManifest.xml:26:13-44
112            android:enabled="true"
112-->[androidx.tracing:tracing-perfetto:1.0.0] AndroidManifest.xml:27:13-35
113            android:exported="true"
113-->[androidx.tracing:tracing-perfetto:1.0.0] AndroidManifest.xml:28:13-36
114            android:permission="android.permission.DUMP" >
114-->[androidx.tracing:tracing-perfetto:1.0.0] AndroidManifest.xml:29:13-57
115
116            <!-- Note: DUMP above highly limits who can call the receiver; Shell has DUMP perm. -->
117            <intent-filter>
117-->[androidx.tracing:tracing-perfetto:1.0.0] AndroidManifest.xml:32:13-36:29
118                <action android:name="androidx.tracing.perfetto.action.ENABLE_TRACING" />
118-->[androidx.tracing:tracing-perfetto:1.0.0] AndroidManifest.xml:33:17-90
118-->[androidx.tracing:tracing-perfetto:1.0.0] AndroidManifest.xml:33:25-87
119                <action android:name="androidx.tracing.perfetto.action.ENABLE_TRACING_COLD_START" />
119-->[androidx.tracing:tracing-perfetto:1.0.0] AndroidManifest.xml:34:17-101
119-->[androidx.tracing:tracing-perfetto:1.0.0] AndroidManifest.xml:34:25-98
120                <action android:name="androidx.tracing.perfetto.action.DISABLE_TRACING_COLD_START" />
120-->[androidx.tracing:tracing-perfetto:1.0.0] AndroidManifest.xml:35:17-102
120-->[androidx.tracing:tracing-perfetto:1.0.0] AndroidManifest.xml:35:25-99
121            </intent-filter>
122        </receiver>
123        <receiver
123-->[androidx.tracing:tracing-perfetto:1.0.0] AndroidManifest.xml:49:9-55:20
124            android:name="androidx.tracing.perfetto.StartupTracingConfigStoreIsEnabledGate"
124-->[androidx.tracing:tracing-perfetto:1.0.0] AndroidManifest.xml:50:13-92
125            android:directBootAware="false"
125-->[androidx.tracing:tracing-perfetto:1.0.0] AndroidManifest.xml:51:13-44
126            android:enabled="false"
126-->[androidx.tracing:tracing-perfetto:1.0.0] AndroidManifest.xml:52:13-36
127            android:exported="false" >
127-->[androidx.tracing:tracing-perfetto:1.0.0] AndroidManifest.xml:53:13-37
128        </receiver>
129    </application>
130
131</manifest>